Partition Merge report for hdmi_text
Mon Nov 10 11:09:29 2025
Quartus Prime Version 24.1std.0 Build 1077 03/04/2025 SC Lite Edition


---------------------
; Table of Contents ;
---------------------
  1. Legal Notice
  2. Partition Merge Summary
  3. Partition Merge Netlist Types Used
  4. Partition Merge Partition Statistics
  5. Partition Merge Partition Pin Processing
  6. Partition Merge Resource Usage Summary
  7. Partition Merge RAM Summary
  8. Partition Merge Messages



----------------
; Legal Notice ;
----------------
Copyright (C) 2025  Altera Corporation. All rights reserved.
Your use of Altera Corporation's design tools, logic functions 
and other software and tools, and any partner logic 
functions, and any output files from any of the foregoing 
(including device programming or simulation files), and any 
associated documentation or information are expressly subject 
to the terms and conditions of the Altera Program License 
Subscription Agreement, the Altera Quartus Prime License Agreement,
the Altera IP License Agreement, or other applicable license
agreement, including, without limitation, that your use is for
the sole purpose of programming logic devices manufactured by
Altera and sold by Altera or its authorized distributors.  Please
refer to the Altera Software License Subscription Agreements 
on the Quartus Prime software download page.



+-----------------------------------------------------------------------------------+
; Partition Merge Summary                                                           ;
+---------------------------------+-------------------------------------------------+
; Partition Merge Status          ; Successful - Mon Nov 10 11:09:29 2025           ;
; Quartus Prime Version           ; 24.1std.0 Build 1077 03/04/2025 SC Lite Edition ;
; Revision Name                   ; hdmi_text                                       ;
; Top-level Entity Name           ; hdmi_text                                       ;
; Family                          ; Cyclone V                                       ;
; Logic utilization (in ALMs)     ; N/A                                             ;
; Total registers                 ; 138                                             ;
; Total pins                      ; 45                                              ;
; Total virtual pins              ; 0                                               ;
; Total block memory bits         ; 16,384                                          ;
; Total DSP Blocks                ; 0                                               ;
; Total HSSI RX PCSs              ; 0                                               ;
; Total HSSI PMA RX Deserializers ; 0                                               ;
; Total HSSI TX PCSs              ; 0                                               ;
; Total HSSI PMA TX Serializers   ; 0                                               ;
; Total PLLs                      ; 1                                               ;
; Total DLLs                      ; 0                                               ;
+---------------------------------+-------------------------------------------------+


+-------------------------------------------------------------------------------------------------------------------------------+
; Partition Merge Netlist Types Used                                                                                            ;
+--------------------------------+----------------+-------------------+------------------------+--------------------------------+
; Partition Name                 ; Partition Type ; Netlist Type Used ; Netlist Type Requested ; Partition Contents             ;
+--------------------------------+----------------+-------------------+------------------------+--------------------------------+
; Top                            ; User-created   ; Source File       ; Source File            ;                                ;
; hard_block:auto_generated_inst ; Auto-generated ; Source File       ; Source File            ; hard_block:auto_generated_inst ;
+--------------------------------+----------------+-------------------+------------------------+--------------------------------+


+--------------------------------------------------------------------------------------+
; Partition Merge Partition Statistics                                                 ;
+---------------------------------------------+-------+--------------------------------+
; Statistic                                   ; Top   ; hard_block:auto_generated_inst ;
+---------------------------------------------+-------+--------------------------------+
; Estimate of Logic utilization (ALMs needed) ; 102   ; 0                              ;
;                                             ;       ;                                ;
; Combinational ALUT usage for logic          ; 187   ; 0                              ;
;     -- 7 input functions                    ; 5     ; 0                              ;
;     -- 6 input functions                    ; 37    ; 0                              ;
;     -- 5 input functions                    ; 28    ; 0                              ;
;     -- 4 input functions                    ; 17    ; 0                              ;
;     -- <=3 input functions                  ; 100   ; 0                              ;
; Memory ALUT usage                           ; 0     ; 0                              ;
;     -- 64-address deep                      ; 0     ; 0                              ;
;     -- 32-address deep                      ; 0     ; 0                              ;
;                                             ;       ;                                ;
; Dedicated logic registers                   ; 138   ; 0                              ;
;                                             ;       ;                                ;
;                                             ;       ;                                ;
; I/O pins                                    ; 43    ; 2                              ;
; I/O registers                               ; 0     ; 0                              ;
; Total block memory bits                     ; 16384 ; 0                              ;
; Total block memory implementation bits      ; 0     ; 0                              ;
;                                             ;       ;                                ;
; Connections                                 ;       ;                                ;
;     -- Input Connections                    ; 136   ; 0                              ;
;     -- Registered Input Connections         ; 134   ; 0                              ;
;     -- Output Connections                   ; 1     ; 135                            ;
;     -- Registered Output Connections        ; 0     ; 0                              ;
;                                             ;       ;                                ;
; Internal Connections                        ;       ;                                ;
;     -- Total Connections                    ; 1263  ; 140                            ;
;     -- Registered Connections               ; 722   ; 0                              ;
;                                             ;       ;                                ;
; External Connections                        ;       ;                                ;
;     -- Top                                  ; 2     ; 135                            ;
;     -- hard_block:auto_generated_inst       ; 135   ; 0                              ;
;                                             ;       ;                                ;
; Partition Interface                         ;       ;                                ;
;     -- Input Ports                          ; 3     ; 1                              ;
;     -- Output Ports                         ; 41    ; 4                              ;
;     -- Bidir Ports                          ; 1     ; 0                              ;
;                                             ;       ;                                ;
; Registered Ports                            ;       ;                                ;
;     -- Registered Input Ports               ; 0     ; 0                              ;
;     -- Registered Output Ports              ; 0     ; 0                              ;
;                                             ;       ;                                ;
; Port Connectivity                           ;       ;                                ;
;     -- Input Ports driven by GND            ; 0     ; 0                              ;
;     -- Output Ports driven by GND           ; 0     ; 0                              ;
;     -- Input Ports driven by VCC            ; 0     ; 0                              ;
;     -- Output Ports driven by VCC           ; 0     ; 0                              ;
;     -- Input Ports with no Source           ; 0     ; 0                              ;
;     -- Output Ports with no Source          ; 0     ; 0                              ;
;     -- Input Ports with no Fanout           ; 0     ; 0                              ;
;     -- Output Ports with no Fanout          ; 0     ; 0                              ;
+---------------------------------------------+-------+--------------------------------+
Note: Resource usage numbers presented for Partitions containing post-synthesis logic are estimates.  For Partitions containing post-fit logic, resource usage numbers are accurate based on previous placement information.  Actual Fitter results may vary depending on current Fitter Preservation Level assignments.


+-----------------------------------------------------------------------------------------------------------------+
; Partition Merge Partition Pin Processing                                                                        ;
+-----------------------------+-----------+---------------+----------+--------------------------------------------+
; Name                        ; Partition ; Type          ; Location ; Status                                     ;
+-----------------------------+-----------+---------------+----------+--------------------------------------------+
; HDMI_I2C_SCL                ; Top       ; Output Port   ; n/a      ;                                            ;
;     -- HDMI_I2C_SCL         ; Top       ; Output Pad    ; Unplaced ; Synthesized                                ;
;     -- HDMI_I2C_SCL~output  ; Top       ; Output Buffer ; Unplaced ; Synthesized                                ;
;                             ;           ;               ;          ;                                            ;
; HDMI_I2C_SDA                ; Top       ; Bidir Port    ; n/a      ;                                            ;
;     -- HDMI_I2C_SDA         ; Top       ; Bidir Pad     ; Unplaced ; Synthesized                                ;
;     -- HDMI_I2C_SDA~output  ; Top       ; Output Buffer ; Unplaced ; Preserved from Synthesis Netlist (WYSIWYG) ;
;                             ;           ;               ;          ;                                            ;
; HDMI_I2S0                   ; Top       ; Output Port   ; n/a      ;                                            ;
;     -- HDMI_I2S0            ; Top       ; Output Pad    ; Unplaced ; Synthesized                                ;
;     -- HDMI_I2S0~output     ; Top       ; Output Buffer ; Unplaced ; Preserved from Synthesis Netlist (WYSIWYG) ;
;                             ;           ;               ;          ;                                            ;
; HDMI_LRCLK                  ; Top       ; Output Port   ; n/a      ;                                            ;
;     -- HDMI_LRCLK           ; Top       ; Output Pad    ; Unplaced ; Synthesized                                ;
;     -- HDMI_LRCLK~output    ; Top       ; Output Buffer ; Unplaced ; Preserved from Synthesis Netlist (WYSIWYG) ;
;                             ;           ;               ;          ;                                            ;
; HDMI_MCLK                   ; Top       ; Output Port   ; n/a      ;                                            ;
;     -- HDMI_MCLK            ; Top       ; Output Pad    ; Unplaced ; Synthesized                                ;
;     -- HDMI_MCLK~output     ; Top       ; Output Buffer ; Unplaced ; Preserved from Synthesis Netlist (WYSIWYG) ;
;                             ;           ;               ;          ;                                            ;
; HDMI_SCLK                   ; Top       ; Output Port   ; n/a      ;                                            ;
;     -- HDMI_SCLK            ; Top       ; Output Pad    ; Unplaced ; Synthesized                                ;
;     -- HDMI_SCLK~output     ; Top       ; Output Buffer ; Unplaced ; Preserved from Synthesis Netlist (WYSIWYG) ;
;                             ;           ;               ;          ;                                            ;
; HDMI_TX_CLK                 ; Top       ; Output Port   ; n/a      ;                                            ;
;     -- HDMI_TX_CLK          ; Top       ; Output Pad    ; Unplaced ; Synthesized                                ;
;     -- HDMI_TX_CLK~output   ; Top       ; Output Buffer ; Unplaced ; Synthesized                                ;
;                             ;           ;               ;          ;                                            ;
; HDMI_TX_DE                  ; Top       ; Output Port   ; n/a      ;                                            ;
;     -- HDMI_TX_DE           ; Top       ; Output Pad    ; Unplaced ; Synthesized                                ;
;     -- HDMI_TX_DE~output    ; Top       ; Output Buffer ; Unplaced ; Synthesized                                ;
;                             ;           ;               ;          ;                                            ;
; HDMI_TX_D[0]                ; Top       ; Output Port   ; n/a      ;                                            ;
;     -- HDMI_TX_D[0]         ; Top       ; Output Pad    ; Unplaced ; Synthesized                                ;
;     -- HDMI_TX_D[0]~output  ; Top       ; Output Buffer ; Unplaced ; Synthesized                                ;
;                             ;           ;               ;          ;                                            ;
; HDMI_TX_D[10]               ; Top       ; Output Port   ; n/a      ;                                            ;
;     -- HDMI_TX_D[10]        ; Top       ; Output Pad    ; Unplaced ; Synthesized                                ;
;     -- HDMI_TX_D[10]~output ; Top       ; Output Buffer ; Unplaced ; Synthesized                                ;
;                             ;           ;               ;          ;                                            ;
; HDMI_TX_D[11]               ; Top       ; Output Port   ; n/a      ;                                            ;
;     -- HDMI_TX_D[11]        ; Top       ; Output Pad    ; Unplaced ; Synthesized                                ;
;     -- HDMI_TX_D[11]~output ; Top       ; Output Buffer ; Unplaced ; Synthesized                                ;
;                             ;           ;               ;          ;                                            ;
; HDMI_TX_D[12]               ; Top       ; Output Port   ; n/a      ;                                            ;
;     -- HDMI_TX_D[12]        ; Top       ; Output Pad    ; Unplaced ; Synthesized                                ;
;     -- HDMI_TX_D[12]~output ; Top       ; Output Buffer ; Unplaced ; Synthesized                                ;
;                             ;           ;               ;          ;                                            ;
; HDMI_TX_D[13]               ; Top       ; Output Port   ; n/a      ;                                            ;
;     -- HDMI_TX_D[13]        ; Top       ; Output Pad    ; Unplaced ; Synthesized                                ;
;     -- HDMI_TX_D[13]~output ; Top       ; Output Buffer ; Unplaced ; Synthesized                                ;
;                             ;           ;               ;          ;                                            ;
; HDMI_TX_D[14]               ; Top       ; Output Port   ; n/a      ;                                            ;
;     -- HDMI_TX_D[14]        ; Top       ; Output Pad    ; Unplaced ; Synthesized                                ;
;     -- HDMI_TX_D[14]~output ; Top       ; Output Buffer ; Unplaced ; Synthesized                                ;
;                             ;           ;               ;          ;                                            ;
; HDMI_TX_D[15]               ; Top       ; Output Port   ; n/a      ;                                            ;
;     -- HDMI_TX_D[15]        ; Top       ; Output Pad    ; Unplaced ; Synthesized                                ;
;     -- HDMI_TX_D[15]~output ; Top       ; Output Buffer ; Unplaced ; Synthesized                                ;
;                             ;           ;               ;          ;                                            ;
; HDMI_TX_D[16]               ; Top       ; Output Port   ; n/a      ;                                            ;
;     -- HDMI_TX_D[16]        ; Top       ; Output Pad    ; Unplaced ; Synthesized                                ;
;     -- HDMI_TX_D[16]~output ; Top       ; Output Buffer ; Unplaced ; Synthesized                                ;
;                             ;           ;               ;          ;                                            ;
; HDMI_TX_D[17]               ; Top       ; Output Port   ; n/a      ;                                            ;
;     -- HDMI_TX_D[17]        ; Top       ; Output Pad    ; Unplaced ; Synthesized                                ;
;     -- HDMI_TX_D[17]~output ; Top       ; Output Buffer ; Unplaced ; Synthesized                                ;
;                             ;           ;               ;          ;                                            ;
; HDMI_TX_D[18]               ; Top       ; Output Port   ; n/a      ;                                            ;
;     -- HDMI_TX_D[18]        ; Top       ; Output Pad    ; Unplaced ; Synthesized                                ;
;     -- HDMI_TX_D[18]~output ; Top       ; Output Buffer ; Unplaced ; Synthesized                                ;
;                             ;           ;               ;          ;                                            ;
; HDMI_TX_D[19]               ; Top       ; Output Port   ; n/a      ;                                            ;
;     -- HDMI_TX_D[19]        ; Top       ; Output Pad    ; Unplaced ; Synthesized                                ;
;     -- HDMI_TX_D[19]~output ; Top       ; Output Buffer ; Unplaced ; Synthesized                                ;
;                             ;           ;               ;          ;                                            ;
; HDMI_TX_D[1]                ; Top       ; Output Port   ; n/a      ;                                            ;
;     -- HDMI_TX_D[1]         ; Top       ; Output Pad    ; Unplaced ; Synthesized                                ;
;     -- HDMI_TX_D[1]~output  ; Top       ; Output Buffer ; Unplaced ; Synthesized                                ;
;                             ;           ;               ;          ;                                            ;
; HDMI_TX_D[20]               ; Top       ; Output Port   ; n/a      ;                                            ;
;     -- HDMI_TX_D[20]        ; Top       ; Output Pad    ; Unplaced ; Synthesized                                ;
;     -- HDMI_TX_D[20]~output ; Top       ; Output Buffer ; Unplaced ; Synthesized                                ;
;                             ;           ;               ;          ;                                            ;
; HDMI_TX_D[21]               ; Top       ; Output Port   ; n/a      ;                                            ;
;     -- HDMI_TX_D[21]        ; Top       ; Output Pad    ; Unplaced ; Synthesized                                ;
;     -- HDMI_TX_D[21]~output ; Top       ; Output Buffer ; Unplaced ; Synthesized                                ;
;                             ;           ;               ;          ;                                            ;
; HDMI_TX_D[22]               ; Top       ; Output Port   ; n/a      ;                                            ;
;     -- HDMI_TX_D[22]        ; Top       ; Output Pad    ; Unplaced ; Synthesized                                ;
;     -- HDMI_TX_D[22]~output ; Top       ; Output Buffer ; Unplaced ; Synthesized                                ;
;                             ;           ;               ;          ;                                            ;
; HDMI_TX_D[23]               ; Top       ; Output Port   ; n/a      ;                                            ;
;     -- HDMI_TX_D[23]        ; Top       ; Output Pad    ; Unplaced ; Synthesized                                ;
;     -- HDMI_TX_D[23]~output ; Top       ; Output Buffer ; Unplaced ; Synthesized                                ;
;                             ;           ;               ;          ;                                            ;
; HDMI_TX_D[2]                ; Top       ; Output Port   ; n/a      ;                                            ;
;     -- HDMI_TX_D[2]         ; Top       ; Output Pad    ; Unplaced ; Synthesized                                ;
;     -- HDMI_TX_D[2]~output  ; Top       ; Output Buffer ; Unplaced ; Synthesized                                ;
;                             ;           ;               ;          ;                                            ;
; HDMI_TX_D[3]                ; Top       ; Output Port   ; n/a      ;                                            ;
;     -- HDMI_TX_D[3]         ; Top       ; Output Pad    ; Unplaced ; Synthesized                                ;
;     -- HDMI_TX_D[3]~output  ; Top       ; Output Buffer ; Unplaced ; Synthesized                                ;
;                             ;           ;               ;          ;                                            ;
; HDMI_TX_D[4]                ; Top       ; Output Port   ; n/a      ;                                            ;
;     -- HDMI_TX_D[4]         ; Top       ; Output Pad    ; Unplaced ; Synthesized                                ;
;     -- HDMI_TX_D[4]~output  ; Top       ; Output Buffer ; Unplaced ; Synthesized                                ;
;                             ;           ;               ;          ;                                            ;
; HDMI_TX_D[5]                ; Top       ; Output Port   ; n/a      ;                                            ;
;     -- HDMI_TX_D[5]         ; Top       ; Output Pad    ; Unplaced ; Synthesized                                ;
;     -- HDMI_TX_D[5]~output  ; Top       ; Output Buffer ; Unplaced ; Synthesized                                ;
;                             ;           ;               ;          ;                                            ;
; HDMI_TX_D[6]                ; Top       ; Output Port   ; n/a      ;                                            ;
;     -- HDMI_TX_D[6]         ; Top       ; Output Pad    ; Unplaced ; Synthesized                                ;
;     -- HDMI_TX_D[6]~output  ; Top       ; Output Buffer ; Unplaced ; Synthesized                                ;
;                             ;           ;               ;          ;                                            ;
; HDMI_TX_D[7]                ; Top       ; Output Port   ; n/a      ;                                            ;
;     -- HDMI_TX_D[7]         ; Top       ; Output Pad    ; Unplaced ; Synthesized                                ;
;     -- HDMI_TX_D[7]~output  ; Top       ; Output Buffer ; Unplaced ; Synthesized                                ;
;                             ;           ;               ;          ;                                            ;
; HDMI_TX_D[8]                ; Top       ; Output Port   ; n/a      ;                                            ;
;     -- HDMI_TX_D[8]         ; Top       ; Output Pad    ; Unplaced ; Synthesized                                ;
;     -- HDMI_TX_D[8]~output  ; Top       ; Output Buffer ; Unplaced ; Synthesized                                ;
;                             ;           ;               ;          ;                                            ;
; HDMI_TX_D[9]                ; Top       ; Output Port   ; n/a      ;                                            ;
;     -- HDMI_TX_D[9]         ; Top       ; Output Pad    ; Unplaced ; Synthesized                                ;
;     -- HDMI_TX_D[9]~output  ; Top       ; Output Buffer ; Unplaced ; Synthesized                                ;
;                             ;           ;               ;          ;                                            ;
; HDMI_TX_HS                  ; Top       ; Output Port   ; n/a      ;                                            ;
;     -- HDMI_TX_HS           ; Top       ; Output Pad    ; Unplaced ; Synthesized                                ;
;     -- HDMI_TX_HS~output    ; Top       ; Output Buffer ; Unplaced ; Synthesized                                ;
;                             ;           ;               ;          ;                                            ;
; HDMI_TX_INT                 ; Top       ; Input Port    ; n/a      ;                                            ;
;     -- HDMI_TX_INT          ; Top       ; Input Pad     ; Unplaced ; Synthesized                                ;
;     -- HDMI_TX_INT~input    ; Top       ; Input Buffer  ; Unplaced ; Synthesized                                ;
;                             ;           ;               ;          ;                                            ;
; HDMI_TX_VS                  ; Top       ; Output Port   ; n/a      ;                                            ;
;     -- HDMI_TX_VS           ; Top       ; Output Pad    ; Unplaced ; Synthesized                                ;
;     -- HDMI_TX_VS~output    ; Top       ; Output Buffer ; Unplaced ; Synthesized                                ;
;                             ;           ;               ;          ;                                            ;
; clock50                     ; Top       ; Input Port    ; n/a      ;                                            ;
;     -- clock50              ; Top       ; Input Pad     ; Unplaced ; Synthesized                                ;
;     -- clock50~input        ; Top       ; Input Buffer  ; Unplaced ; Synthesized                                ;
;                             ;           ;               ;          ;                                            ;
; led[0]                      ; Top       ; Output Port   ; n/a      ;                                            ;
;     -- led[0]               ; Top       ; Output Pad    ; Unplaced ; Synthesized                                ;
;     -- led[0]~output        ; Top       ; Output Buffer ; Unplaced ; Synthesized                                ;
;                             ;           ;               ;          ;                                            ;
; led[1]                      ; Top       ; Output Port   ; n/a      ;                                            ;
;     -- led[1]               ; Top       ; Output Pad    ; Unplaced ; Synthesized                                ;
;     -- led[1]~output        ; Top       ; Output Buffer ; Unplaced ; Synthesized                                ;
;                             ;           ;               ;          ;                                            ;
; led[2]                      ; Top       ; Output Port   ; n/a      ;                                            ;
;     -- led[2]               ; Top       ; Output Pad    ; Unplaced ; Synthesized                                ;
;     -- led[2]~output        ; Top       ; Output Buffer ; Unplaced ; Synthesized                                ;
;                             ;           ;               ;          ;                                            ;
; led[3]                      ; Top       ; Output Port   ; n/a      ;                                            ;
;     -- led[3]               ; Top       ; Output Pad    ; Unplaced ; Synthesized                                ;
;     -- led[3]~output        ; Top       ; Output Buffer ; Unplaced ; Synthesized                                ;
;                             ;           ;               ;          ;                                            ;
; led[4]                      ; Top       ; Output Port   ; n/a      ;                                            ;
;     -- led[4]               ; Top       ; Output Pad    ; Unplaced ; Synthesized                                ;
;     -- led[4]~output        ; Top       ; Output Buffer ; Unplaced ; Synthesized                                ;
;                             ;           ;               ;          ;                                            ;
; led[5]                      ; Top       ; Output Port   ; n/a      ;                                            ;
;     -- led[5]               ; Top       ; Output Pad    ; Unplaced ; Synthesized                                ;
;     -- led[5]~output        ; Top       ; Output Buffer ; Unplaced ; Synthesized                                ;
;                             ;           ;               ;          ;                                            ;
; led[6]                      ; Top       ; Output Port   ; n/a      ;                                            ;
;     -- led[6]               ; Top       ; Output Pad    ; Unplaced ; Synthesized                                ;
;     -- led[6]~output        ; Top       ; Output Buffer ; Unplaced ; Synthesized                                ;
;                             ;           ;               ;          ;                                            ;
; led[7]                      ; Top       ; Output Port   ; n/a      ;                                            ;
;     -- led[7]               ; Top       ; Output Pad    ; Unplaced ; Synthesized                                ;
;     -- led[7]~output        ; Top       ; Output Buffer ; Unplaced ; Synthesized                                ;
;                             ;           ;               ;          ;                                            ;
; rst_n                       ; Top       ; Input Port    ; n/a      ;                                            ;
;     -- rst_n                ; Top       ; Input Pad     ; Unplaced ; Synthesized                                ;
;     -- rst_n~input          ; Top       ; Input Buffer  ; Unplaced ; Synthesized                                ;
;                             ;           ;               ;          ;                                            ;
+-----------------------------+-----------+---------------+----------+--------------------------------------------+


+------------------------------------------------------------------------------------------------------------------------------------+
; Partition Merge Resource Usage Summary                                                                                             ;
+---------------------------------------------+--------------------------------------------------------------------------------------+
; Resource                                    ; Usage                                                                                ;
+---------------------------------------------+--------------------------------------------------------------------------------------+
; Estimate of Logic utilization (ALMs needed) ; 116                                                                                  ;
;                                             ;                                                                                      ;
; Combinational ALUT usage for logic          ; 187                                                                                  ;
;     -- 7 input functions                    ; 5                                                                                    ;
;     -- 6 input functions                    ; 37                                                                                   ;
;     -- 5 input functions                    ; 28                                                                                   ;
;     -- 4 input functions                    ; 17                                                                                   ;
;     -- <=3 input functions                  ; 100                                                                                  ;
;                                             ;                                                                                      ;
; Dedicated logic registers                   ; 138                                                                                  ;
;                                             ;                                                                                      ;
; I/O pins                                    ; 45                                                                                   ;
; Total MLAB memory bits                      ; 0                                                                                    ;
; Total block memory bits                     ; 16384                                                                                ;
;                                             ;                                                                                      ;
; Total DSP Blocks                            ; 0                                                                                    ;
;                                             ;                                                                                      ;
; Total PLLs                                  ; 1                                                                                    ;
;     -- PLLs                                 ; 1                                                                                    ;
;                                             ;                                                                                      ;
; Maximum fan-out node                        ; pll_hdmi:pll_hdmi|pll_hdmi_0002:pll_hdmi_inst|altera_pll:altera_pll_i|outclk_wire[0] ;
; Maximum fan-out                             ; 69                                                                                   ;
; Total fan-out                               ; 1209                                                                                 ;
; Average fan-out                             ; 2.89                                                                                 ;
+---------------------------------------------+--------------------------------------------------------------------------------------+


+------------------------------------------------------------------------------------------------------------------------------------------------------------------------------------------------------------------------+
; Partition Merge RAM Summary                                                                                                                                                                                            ;
+--------------------------------------------------------------------------------------------------------------------------+------+------+--------------+--------------+--------------+--------------+-------+-----------+
; Name                                                                                                                     ; Type ; Mode ; Port A Depth ; Port A Width ; Port B Depth ; Port B Width ; Size  ; MIF       ;
+--------------------------------------------------------------------------------------------------------------------------+------+------+--------------+--------------+--------------+--------------+-------+-----------+
; vgaHdmi:vgaHdmi|framebuffer:fb|glyph_rom:glyph|altsyncram:altsyncram_component|altsyncram_3gf1:auto_generated|ALTSYNCRAM ; AUTO ; ROM  ; 16384        ; 1            ; --           ; --           ; 16384 ; glyph.mif ;
+--------------------------------------------------------------------------------------------------------------------------+------+------+--------------+--------------+--------------+--------------+-------+-----------+


+--------------------------+
; Partition Merge Messages ;
+--------------------------+
Info: *******************************************************************
Info: Running Quartus Prime Partition Merge
    Info: Version 24.1std.0 Build 1077 03/04/2025 SC Lite Edition
    Info: Processing started: Mon Nov 10 11:09:28 2025
Info: Command: quartus_cdb --read_settings_files=off --write_settings_files=off hdmi_text -c hdmi_text --merge=on
Warning (18236): Number of processors has not been specified which may cause overloading on shared machines.  Set the global assignment NUM_PARALLEL_PROCESSORS in your QSF to an appropriate value for best performance.
Critical Warning (138067): Current license file does not support incremental compilation. The Quartus Prime software removes all the user-specified design partitions in the design automatically.
Info (35007): Using synthesis netlist for partition "Top"
Info (35002): Resolved and merged 1 partition(s)
Info (16010): Generating hard_block partition "hard_block:auto_generated_inst"
    Info (16011): Adding 5 node(s), including 0 DDIO, 1 PLL, 0 transceiver and 0 LCELL
Critical Warning (138067): Current license file does not support incremental compilation. The Quartus Prime software removes all the user-specified design partitions in the design automatically.
Warning: RST port on the PLL is not properly connected on instance pll_hdmi:pll_hdmi|pll_hdmi_0002:pll_hdmi_inst|altera_pll:altera_pll_i|general[0].gpll. The reset port on the PLL should be connected. If the PLL loses lock for any reason, you might need to manually reset the PLL in order to re-establish lock to the reference clock. File: c:/intelfpga_lite/24.1std/quartus/libraries/megafunctions/altera_pll.v Line: 749
    Info: Must be connected
Info (21057): Implemented 252 device resources after synthesis - the final resource count might be different
    Info (21058): Implemented 3 input pins
    Info (21059): Implemented 41 output pins
    Info (21060): Implemented 1 bidirectional pins
    Info (21061): Implemented 204 logic cells
    Info (21064): Implemented 2 RAM segments
    Info (21065): Implemented 1 PLLs
Info: Quartus Prime Partition Merge was successful. 0 errors, 4 warnings
    Info: Peak virtual memory: 4775 megabytes
    Info: Processing ended: Mon Nov 10 11:09:29 2025
    Info: Elapsed time: 00:00:01
    Info: Total CPU time (on all processors): 00:00:01


