Flow report for hdmi_text
Mon Nov 10 11:10:29 2025
Quartus Prime Version 24.1std.0 Build 1077 03/04/2025 SC Lite Edition


---------------------
; Table of Contents ;
---------------------
  1. Legal Notice
  2. Flow Summary
  3. Flow Settings
  4. Flow Non-Default Global Settings
  5. Flow Elapsed Time
  6. Flow OS Summary
  7. Flow Log
  8. Flow Messages
  9. Flow Suppressed Messages



----------------
; Legal Notice ;
----------------
Copyright (C) 2025  Altera Corporation. All rights reserved.
Your use of Altera Corporation's design tools, logic functions 
and other software and tools, and any partner logic 
functions, and any output files from any of the foregoing 
(including device programming or simulation files), and any 
associated documentation or information are expressly subject 
to the terms and conditions of the Altera Program License 
Subscription Agreement, the Altera Quartus Prime License Agreement,
the Altera IP License Agreement, or other applicable license
agreement, including, without limitation, that your use is for
the sole purpose of programming logic devices manufactured by
Altera and sold by Altera or its authorized distributors.  Please
refer to the Altera Software License Subscription Agreements 
on the Quartus Prime software download page.



+-----------------------------------------------------------------------------------+
; Flow Summary                                                                      ;
+---------------------------------+-------------------------------------------------+
; Flow Status                     ; Successful - Mon Nov 10 11:10:29 2025           ;
; Quartus Prime Version           ; 24.1std.0 Build 1077 03/04/2025 SC Lite Edition ;
; Revision Name                   ; hdmi_text                                       ;
; Top-level Entity Name           ; hdmi_text                                       ;
; Family                          ; Cyclone V                                       ;
; Device                          ; 5CSEBA6U23I7                                    ;
; Timing Models                   ; Final                                           ;
; Logic utilization (in ALMs)     ; 114 / 41,910 ( < 1 % )                          ;
; Total registers                 ; 146                                             ;
; Total pins                      ; 45 / 314 ( 14 % )                               ;
; Total virtual pins              ; 0                                               ;
; Total block memory bits         ; 16,384 / 5,662,720 ( < 1 % )                    ;
; Total DSP Blocks                ; 0 / 112 ( 0 % )                                 ;
; Total HSSI RX PCSs              ; 0                                               ;
; Total HSSI PMA RX Deserializers ; 0                                               ;
; Total HSSI TX PCSs              ; 0                                               ;
; Total HSSI PMA TX Serializers   ; 0                                               ;
; Total PLLs                      ; 1 / 6 ( 17 % )                                  ;
; Total DLLs                      ; 0 / 4 ( 0 % )                                   ;
+---------------------------------+-------------------------------------------------+


+-----------------------------------------+
; Flow Settings                           ;
+-------------------+---------------------+
; Option            ; Setting             ;
+-------------------+---------------------+
; Start date & time ; 11/10/2025 11:09:17 ;
; Main task         ; Compilation         ;
; Revision Name     ; hdmi_text           ;
+-------------------+---------------------+


+------------------------------------------------------------------------------------------------------------------------------------------------+
; Flow Non-Default Global Settings                                                                                                               ;
+-------------------------------------+----------------------------------------+---------------+-------------+-----------------------------------+
; Assignment Name                     ; Value                                  ; Default Value ; Entity Name ; Section Id                        ;
+-------------------------------------+----------------------------------------+---------------+-------------+-----------------------------------+
; COMPILER_SIGNATURE_ID               ; 52880179609939.176276935714616         ; --            ; --          ; --                                ;
; EDA_GENERATE_FUNCTIONAL_NETLIST     ; Off                                    ; --            ; --          ; eda_board_design_timing           ;
; EDA_GENERATE_FUNCTIONAL_NETLIST     ; Off                                    ; --            ; --          ; eda_board_design_boundary_scan    ;
; EDA_GENERATE_FUNCTIONAL_NETLIST     ; Off                                    ; --            ; --          ; eda_board_design_signal_integrity ;
; EDA_GENERATE_FUNCTIONAL_NETLIST     ; Off                                    ; --            ; --          ; eda_board_design_symbol           ;
; EDA_OUTPUT_DATA_FORMAT              ; Verilog Hdl                            ; --            ; --          ; eda_simulation                    ;
; EDA_SIMULATION_TOOL                 ; Questa Intel FPGA (Verilog)            ; <None>        ; --          ; --                                ;
; EDA_TIME_SCALE                      ; 1 ps                                   ; --            ; --          ; eda_simulation                    ;
; ENABLE_SIGNALTAP                    ; On                                     ; --            ; --          ; --                                ;
; MAX_CORE_JUNCTION_TEMP              ; 100                                    ; --            ; --          ; --                                ;
; MIN_CORE_JUNCTION_TEMP              ; -40                                    ; --            ; --          ; --                                ;
; MISC_FILE                           ; pll_hdmi.cmp                           ; --            ; --          ; --                                ;
; MISC_FILE                           ; pll_hdmi_sim/pll_hdmi.vo               ; --            ; --          ; --                                ;
; MISC_FILE                           ; glyph_rom_bb.v                         ; --            ; --          ; --                                ;
; PARTITION_COLOR                     ; -- (Not supported for targeted family) ; --            ; --          ; Top                               ;
; PARTITION_FITTER_PRESERVATION_LEVEL ; -- (Not supported for targeted family) ; --            ; --          ; Top                               ;
; PARTITION_NETLIST_TYPE              ; -- (Not supported for targeted family) ; --            ; --          ; Top                               ;
; PROJECT_OUTPUT_DIRECTORY            ; output_files                           ; --            ; --          ; --                                ;
; SLD_FILE                            ; db/stp3_auto_stripped.stp              ; --            ; --          ; --                                ;
; SPD_FILE                            ; pll_hdmi.spd                           ; --            ; --          ; --                                ;
; SYNTHESIS_ONLY_QIP                  ; On                                     ; --            ; --          ; --                                ;
; USE_SIGNALTAP_FILE                  ; stp3.stp                               ; --            ; --          ; --                                ;
+-------------------------------------+----------------------------------------+---------------+-------------+-----------------------------------+


+--------------------------------------------------------------------------------------------------------------------------+
; Flow Elapsed Time                                                                                                        ;
+----------------------+--------------+-------------------------+---------------------+------------------------------------+
; Module Name          ; Elapsed Time ; Average Processors Used ; Peak Virtual Memory ; Total CPU Time (on all processors) ;
+----------------------+--------------+-------------------------+---------------------+------------------------------------+
; Analysis & Synthesis ; 00:00:10     ; 1.0                     ; 4871 MB             ; 00:00:23                           ;
; Partition Merge      ; 00:00:01     ; 1.0                     ; 4775 MB             ; 00:00:01                           ;
; Fitter               ; 00:00:39     ; 1.0                     ; 6755 MB             ; 00:01:13                           ;
; Assembler            ; 00:00:07     ; 1.0                     ; 5239 MB             ; 00:00:06                           ;
; Timing Analyzer      ; 00:00:07     ; 1.1                     ; 5385 MB             ; 00:00:08                           ;
; EDA Netlist Writer   ; 00:00:02     ; 1.0                     ; 4873 MB             ; 00:00:01                           ;
; Total                ; 00:01:06     ; --                      ; --                  ; 00:01:52                           ;
+----------------------+--------------+-------------------------+---------------------+------------------------------------+


+------------------------------------------------------------------------------------+
; Flow OS Summary                                                                    ;
+----------------------+------------------+------------+------------+----------------+
; Module Name          ; Machine Hostname ; OS Name    ; OS Version ; Processor type ;
+----------------------+------------------+------------+------------+----------------+
; Analysis & Synthesis ; DESKTOP-MJTDQ0P  ; Windows 10 ; 10.0       ; x86_64         ;
; Partition Merge      ; DESKTOP-MJTDQ0P  ; Windows 10 ; 10.0       ; x86_64         ;
; Fitter               ; DESKTOP-MJTDQ0P  ; Windows 10 ; 10.0       ; x86_64         ;
; Assembler            ; DESKTOP-MJTDQ0P  ; Windows 10 ; 10.0       ; x86_64         ;
; Timing Analyzer      ; DESKTOP-MJTDQ0P  ; Windows 10 ; 10.0       ; x86_64         ;
; EDA Netlist Writer   ; DESKTOP-MJTDQ0P  ; Windows 10 ; 10.0       ; x86_64         ;
+----------------------+------------------+------------+------------+----------------+


------------
; Flow Log ;
------------
quartus_map --read_settings_files=on --write_settings_files=off hdmi_text -c hdmi_text
quartus_cdb --read_settings_files=off --write_settings_files=off hdmi_text -c hdmi_text --merge=on
quartus_fit --read_settings_files=off --write_settings_files=off hdmi_text -c hdmi_text
quartus_asm --read_settings_files=off --write_settings_files=off hdmi_text -c hdmi_text
quartus_sta hdmi_text -c hdmi_text
quartus_eda --read_settings_files=off --write_settings_files=off hdmi_text -c hdmi_text



